c:\users\hhw\source\repos\wangdao computertest course\2.6 today is no,\debug\vc141.pdb
c:\users\hhw\source\repos\wangdao computertest course\2.6 today is no,\debug\vc141.idb
c:\users\hhw\source\repos\wangdao computertest course\2.6 today is no,\debug\my_solution.obj
c:\users\hhw\source\repos\wangdao computertest course\2.6 today is no,\debug\main.obj
c:\users\hhw\source\repos\wangdao computertest course\debug\2.6 today is no..pdb
c:\users\hhw\source\repos\wangdao computertest course\2.6 today is no,\debug\2.6 today is no..tlog\cl.command.1.tlog
c:\users\hhw\source\repos\wangdao computertest course\2.6 today is no,\debug\2.6 today is no..tlog\cl.read.1.tlog
c:\users\hhw\source\repos\wangdao computertest course\2.6 today is no,\debug\2.6 today is no..tlog\cl.write.1.tlog
c:\users\hhw\source\repos\wangdao computertest course\2.6 today is no,\debug\2.6 today is no..tlog\link-cvtres.read.1.tlog
c:\users\hhw\source\repos\wangdao computertest course\2.6 today is no,\debug\2.6 today is no..tlog\link-cvtres.write.1.tlog
c:\users\hhw\source\repos\wangdao computertest course\2.6 today is no,\debug\2.6 today is no..tlog\link-rc.read.1.tlog
c:\users\hhw\source\repos\wangdao computertest course\2.6 today is no,\debug\2.6 today is no..tlog\link-rc.write.1.tlog
c:\users\hhw\source\repos\wangdao computertest course\2.6 today is no,\debug\2.6 today is no..tlog\link.1076-cvtres.read.1.tlog
c:\users\hhw\source\repos\wangdao computertest course\2.6 today is no,\debug\2.6 today is no..tlog\link.1076-cvtres.write.1.tlog
c:\users\hhw\source\repos\wangdao computertest course\2.6 today is no,\debug\2.6 today is no..tlog\link.1076-rc.read.1.tlog
c:\users\hhw\source\repos\wangdao computertest course\2.6 today is no,\debug\2.6 today is no..tlog\link.1076-rc.write.1.tlog
c:\users\hhw\source\repos\wangdao computertest course\2.6 today is no,\debug\2.6 today is no..tlog\link.1076.read.1.tlog
c:\users\hhw\source\repos\wangdao computertest course\2.6 today is no,\debug\2.6 today is no..tlog\link.1076.write.1.tlog
c:\users\hhw\source\repos\wangdao computertest course\2.6 today is no,\debug\2.6 today is no..tlog\link.command.1.tlog
c:\users\hhw\source\repos\wangdao computertest course\2.6 today is no,\debug\2.6 today is no..tlog\link.read.1.tlog
c:\users\hhw\source\repos\wangdao computertest course\2.6 today is no,\debug\2.6 today is no..tlog\link.write.1.tlog
